[Pass 1 time: 0.047 sec     tokenize]
[Pass 2 time: 0.001 sec     KBFuncs]
[Pass 3 time: 0.001 sec     initKB]
[Pass 4 time: 0.049 sec     Lines]
[Pass 5 time: 0.001 sec     funcs]
[Pass 6 time: 0.051 sec     RemoveWhiteSpace]
[Pass 7 time: 0.085 sec     headerNames]
[Pass 8 time: 0.137 sec     headers]
[Pass 9 time: 0.08 sec     headerNode]
[Pass 10 time: 0.106 sec     Item]
[Pass 11 time: 0.055 sec     header_zone_five]
[Pass 12 time: 0.039 sec     header_zone_four]
[Pass 13 time: 0.064 sec     header_zone_three]
[Pass 14 time: 0.086 sec     header_zone_two]
[Pass 15 time: 0.094 sec     headerTwoLabels]
[Pass 16 time: 0.092 sec     headerThreeLabels]
[Pass 17 time: 0.103 sec     etymology]
[Pass 18 time: 0.104 sec     pronunciation]
[Pass 19 time: 0.107 sec     posKB]
[Pass 20 time: 0.015 sec     kbOut]
[Input file: c:\Users\tasht\Documents\Clemson\npl_project\npl_plus_plus\wikitext_english_analyzer\input\language.txt]
[Total passes: 20
[Total time: 1.332 sec]
[Time per 1000 chars (1.332/11257): 0.118326 sec]
[Time per pass per 1000 chars: 0.00591632]
infile  passes tottime length tot/1000 tot/pass/1000
c:\Users\tasht\Documents\Clemson\npl_project\npl_plus_plus\wikitext_english_analyzer\input\language.txt	20	1.332	11257	0.118326	0.00591632
[Clean time: 0.004 sec]
